Java HotSpot(TM) 64-Bit Server VM warning: ignoring option MaxPermSize=350m; support was removed in 8.0
WARN: Connection refused
java.net.ConnectException: Connection refused
	at java.net.PlainSocketImpl.socketConnect(Native Method)
	at java.net.AbstractPlainSocketImpl.doConnect(AbstractPlainSocketImpl.java:350)
	at java.net.AbstractPlainSocketImpl.connectToAddress(AbstractPlainSocketImpl.java:206)
	at java.net.AbstractPlainSocketImpl.connect(AbstractPlainSocketImpl.java:188)
	at java.net.SocksSocketImpl.connect(SocksSocketImpl.java:392)
	at java.net.Socket.connect(Socket.java:589)
	at java.net.Socket.connect(Socket.java:538)
	at java.net.Socket.<init>(Socket.java:434)
	at java.net.Socket.<init>(Socket.java:244)
	at com.intellij.idea.SocketLock.tryActivate(SocketLock.java:184)
	at com.intellij.idea.SocketLock.access$300(SocketLock.java:50)
	at com.intellij.idea.SocketLock$2.call(SocketLock.java:124)
	at com.intellij.idea.SocketLock$2.call(SocketLock.java:113)
	at com.intellij.idea.SocketLock.underLocks(SocketLock.java:157)
	at com.intellij.idea.SocketLock.lock(SocketLock.java:113)
	at com.intellij.idea.StartupUtil.lockSystemFolders(StartupUtil.java:263)
	at com.intellij.idea.StartupUtil.prepareAndStart(StartupUtil.java:101)
	at com.intellij.idea.MainImpl.start(MainImpl.java:34)
	at sun.reflect.NativeMethodAccessorImpl.invoke0(Native Method)
	at sun.reflect.NativeMethodAccessorImpl.invoke(NativeMethodAccessorImpl.java:62)
	at sun.reflect.DelegatingMethodAccessorImpl.invoke(DelegatingMethodAccessorImpl.java:43)
	at java.lang.reflect.Method.invoke(Method.java:498)
	at com.intellij.ide.plugins.PluginManager$2.run(PluginManager.java:91)
	at java.lang.Thread.run(Thread.java:745)
log4j:WARN No appenders could be found for logger (io.netty.util.internal.logging.InternalLoggerFactory).
log4j:WARN Please initialize the log4j system properly.
log4j:WARN See http://logging.apache.org/log4j/1.2/faq.html#noconfig for more info.
Looking in classpath from com.intellij.util.lang.UrlClassLoader@7a4f0f29 for /com/sun/jna/linux-x86-64/libjnidispatch.so
Found library resource at jar:file:/home/vinayak/Downloads/android-studio/lib/jna.jar!/com/sun/jna/linux-x86-64/libjnidispatch.so
Trying /home/vinayak/.AndroidStudio2.1/system/tmp/jna-461909245/jna7921461173717653242.tmp
Found jnidispatch at /home/vinayak/.AndroidStudio2.1/system/tmp/jna-461909245/jna7921461173717653242.tmp
Java HotSpot(TM) 64-Bit Server VM warning: ignoring option MaxPermSize=350m; support was removed in 8.0
WARN: Connection refused
java.net.ConnectException: Connection refused
	at java.net.PlainSocketImpl.socketConnect(Native Method)
	at java.net.AbstractPlainSocketImpl.doConnect(AbstractPlainSocketImpl.java:350)
	at java.net.AbstractPlainSocketImpl.connectToAddress(AbstractPlainSocketImpl.java:206)
	at java.net.AbstractPlainSocketImpl.connect(AbstractPlainSocketImpl.java:188)
	at java.net.SocksSocketImpl.connect(SocksSocketImpl.java:392)
	at java.net.Socket.connect(Socket.java:589)
	at java.net.Socket.connect(Socket.java:538)
	at java.net.Socket.<init>(Socket.java:434)
	at java.net.Socket.<init>(Socket.java:244)
	at com.intellij.idea.SocketLock.tryActivate(SocketLock.java:184)
	at com.intellij.idea.SocketLock.access$300(SocketLock.java:50)
	at com.intellij.idea.SocketLock$2.call(SocketLock.java:124)
	at com.intellij.idea.SocketLock$2.call(SocketLock.java:113)
	at com.intellij.idea.SocketLock.underLocks(SocketLock.java:157)
	at com.intellij.idea.SocketLock.lock(SocketLock.java:113)
	at com.intellij.idea.StartupUtil.lockSystemFolders(StartupUtil.java:263)
	at com.intellij.idea.StartupUtil.prepareAndStart(StartupUtil.java:101)
	at com.intellij.idea.MainImpl.start(MainImpl.java:34)
	at sun.reflect.NativeMethodAccessorImpl.invoke0(Native Method)
	at sun.reflect.NativeMethodAccessorImpl.invoke(NativeMethodAccessorImpl.java:62)
	at sun.reflect.DelegatingMethodAccessorImpl.invoke(DelegatingMethodAccessorImpl.java:43)
	at java.lang.reflect.Method.invoke(Method.java:498)
	at com.intellij.ide.plugins.PluginManager$2.run(PluginManager.java:91)
	at java.lang.Thread.run(Thread.java:745)
log4j:WARN No appenders could be found for logger (io.netty.util.internal.logging.InternalLoggerFactory).
log4j:WARN Please initialize the log4j system properly.
log4j:WARN See http://logging.apache.org/log4j/1.2/faq.html#noconfig for more info.
Looking in classpath from com.intellij.util.lang.UrlClassLoader@7a4f0f29 for /com/sun/jna/linux-x86-64/libjnidispatch.so
Found library resource at jar:file:/home/vinayak/Downloads/android-studio/lib/jna.jar!/com/sun/jna/linux-x86-64/libjnidispatch.so
Trying /home/vinayak/.AndroidStudio2.1/system/tmp/jna-461909245/jna8493284660049790789.tmp
Found jnidispatch at /home/vinayak/.AndroidStudio2.1/system/tmp/jna-461909245/jna8493284660049790789.tmp
[ 117469]   WARN - orks.SettingsConnectionService - www.jetbrains.com 
java.net.UnknownHostException: www.jetbrains.com
	at java.net.AbstractPlainSocketImpl.connect(AbstractPlainSocketImpl.java:184)
	at java.net.SocksSocketImpl.connect(SocksSocketImpl.java:392)
	at java.net.Socket.connect(Socket.java:589)
	at sun.security.ssl.SSLSocketImpl.connect(SSLSocketImpl.java:668)
	at sun.net.NetworkClient.doConnect(NetworkClient.java:175)
	at sun.net.www.http.HttpClient.openServer(HttpClient.java:432)
	at sun.net.www.http.HttpClient.openServer(HttpClient.java:527)
	at sun.net.www.protocol.https.HttpsClient.<init>(HttpsClient.java:264)
	at sun.net.www.protocol.https.HttpsClient.New(HttpsClient.java:367)
	at sun.net.www.protocol.https.AbstractDelegateHttpsURLConnection.getNewHttpClient(AbstractDelegateHttpsURLConnection.java:191)
	at sun.net.www.protocol.http.HttpURLConnection.plainConnect0(HttpURLConnection.java:1148)
	at sun.net.www.protocol.http.HttpURLConnection.plainConnect(HttpURLConnection.java:999)
	at sun.net.www.protocol.https.AbstractDelegateHttpsURLConnection.connect(AbstractDelegateHttpsURLConnection.java:177)
	at sun.net.www.protocol.http.HttpURLConnection.getInputStream0(HttpURLConnection.java:1513)
	at sun.net.www.protocol.http.HttpURLConnection.getInputStream(HttpURLConnection.java:1441)
	at java.net.HttpURLConnection.getResponseCode(HttpURLConnection.java:480)
	at sun.net.www.protocol.https.HttpsURLConnectionImpl.getResponseCode(HttpsURLConnectionImpl.java:338)
	at com.intellij.util.io.HttpRequests.openConnection(HttpRequests.java:284)
	at com.intellij.util.io.HttpRequests.access$000(HttpRequests.java:49)
	at com.intellij.util.io.HttpRequests$1RequestImpl.getConnection(HttpRequests.java:139)
	at com.intellij.util.io.HttpRequests$1RequestImpl.isSuccessful(HttpRequests.java:182)
	at com.intellij.facet.frameworks.SettingsConnectionService$1.process(SettingsConnectionService.java:72)
	at com.intellij.facet.frameworks.SettingsConnectionService$1.process(SettingsConnectionService.java:69)
	at com.intellij.util.io.HttpRequests.process(HttpRequests.java:232)
	at com.intellij.util.io.RequestBuilder.connect(RequestBuilder.java:128)
	at com.intellij.util.io.RequestBuilder.connect(RequestBuilder.java:134)
	at com.intellij.facet.frameworks.SettingsConnectionService.readSettings(SettingsConnectionService.java:69)
	at com.intellij.facet.frameworks.SettingsConnectionService.getSettingValue(SettingsConnectionService.java:105)
	at com.intellij.facet.frameworks.SettingsConnectionService.getServiceUrl(SettingsConnectionService.java:98)
	at com.intellij.internal.statistic.libraryJar.LibraryJarStatisticsService.createVersionsUrl(LibraryJarStatisticsService.java:83)
	at com.intellij.internal.statistic.libraryJar.LibraryJarStatisticsService.getTechnologyDescriptors(LibraryJarStatisticsService.java:59)
	at com.intellij.internal.statistic.libraryJar.LibraryJarStatisticsService$1.run(LibraryJarStatisticsService.java:108)
	at com.intellij.openapi.application.impl.ApplicationImpl$8.run(ApplicationImpl.java:366)
	at java.util.concurrent.Executors$RunnableAdapter.call(Executors.java:511)
	at java.util.concurrent.FutureTask.run(FutureTask.java:266)
	at java.util.concurrent.ThreadPoolExecutor.runWorker(ThreadPoolExecutor.java:1142)
	at java.util.concurrent.ThreadPoolExecutor$Worker.run(ThreadPoolExecutor.java:617)
	at java.lang.Thread.run(Thread.java:745)
	at org.jetbrains.ide.PooledThreadExecutor$1$1.run(PooledThreadExecutor.java:55)
[ 634145]   WARN - orks.SettingsConnectionService - dl.google.com 
java.net.UnknownHostException: dl.google.com
	at java.net.AbstractPlainSocketImpl.connect(AbstractPlainSocketImpl.java:184)
	at java.net.SocksSocketImpl.connect(SocksSocketImpl.java:392)
	at java.net.Socket.connect(Socket.java:589)
	at sun.security.ssl.SSLSocketImpl.connect(SSLSocketImpl.java:668)
	at sun.net.NetworkClient.doConnect(NetworkClient.java:175)
	at sun.net.www.http.HttpClient.openServer(HttpClient.java:432)
	at sun.net.www.http.HttpClient.openServer(HttpClient.java:527)
	at sun.net.www.protocol.https.HttpsClient.<init>(HttpsClient.java:264)
	at sun.net.www.protocol.https.HttpsClient.New(HttpsClient.java:367)
	at sun.net.www.protocol.https.AbstractDelegateHttpsURLConnection.getNewHttpClient(AbstractDelegateHttpsURLConnection.java:191)
	at sun.net.www.protocol.http.HttpURLConnection.plainConnect0(HttpURLConnection.java:1148)
	at sun.net.www.protocol.http.HttpURLConnection.plainConnect(HttpURLConnection.java:999)
	at sun.net.www.protocol.https.AbstractDelegateHttpsURLConnection.connect(AbstractDelegateHttpsURLConnection.java:177)
	at sun.net.www.protocol.http.HttpURLConnection.getInputStream0(HttpURLConnection.java:1513)
	at sun.net.www.protocol.http.HttpURLConnection.getInputStream(HttpURLConnection.java:1441)
	at java.net.HttpURLConnection.getResponseCode(HttpURLConnection.java:480)
	at sun.net.www.protocol.https.HttpsURLConnectionImpl.getResponseCode(HttpsURLConnectionImpl.java:338)
	at com.intellij.util.io.HttpRequests.openConnection(HttpRequests.java:284)
	at com.intellij.util.io.HttpRequests.access$000(HttpRequests.java:49)
	at com.intellij.util.io.HttpRequests$1RequestImpl.getConnection(HttpRequests.java:139)
	at com.intellij.util.io.HttpRequests$1RequestImpl.isSuccessful(HttpRequests.java:182)
	at com.intellij.facet.frameworks.SettingsConnectionService$1.process(SettingsConnectionService.java:72)
	at com.intellij.facet.frameworks.SettingsConnectionService$1.process(SettingsConnectionService.java:69)
	at com.intellij.util.io.HttpRequests.process(HttpRequests.java:232)
	at com.intellij.util.io.RequestBuilder.connect(RequestBuilder.java:128)
	at com.intellij.util.io.RequestBuilder.connect(RequestBuilder.java:134)
	at com.intellij.facet.frameworks.SettingsConnectionService.readSettings(SettingsConnectionService.java:69)
	at com.intellij.facet.frameworks.SettingsConnectionService.getSettingValue(SettingsConnectionService.java:105)
	at com.intellij.facet.frameworks.SettingsConnectionService.getServiceUrl(SettingsConnectionService.java:98)
	at com.android.tools.idea.stats.AndroidStatisticsService.areStatisticsAuthorized(AndroidStatisticsService.java:131)
	at com.android.tools.idea.stats.AndroidStatisticsService.send(AndroidStatisticsService.java:98)
	at com.intellij.internal.statistic.updater.SendStatisticsComponent$2.run(SendStatisticsComponent.java:109)
	at com.intellij.util.concurrency.QueueProcessor.runSafely(QueueProcessor.java:238)
	at com.intellij.util.Alarm$Request$1.run(Alarm.java:352)
	at java.util.concurrent.Executors$RunnableAdapter.call(Executors.java:511)
	at java.util.concurrent.FutureTask.run(FutureTask.java:266)
	at com.intellij.util.concurrency.QueueProcessor$RunnableConsumer.consume(QueueProcessor.java:298)
	at com.intellij.util.concurrency.QueueProcessor$RunnableConsumer.consume(QueueProcessor.java:295)
	at com.intellij.util.concurrency.QueueProcessor$2$1.run(QueueProcessor.java:110)
	at com.intellij.util.concurrency.QueueProcessor.runSafely(QueueProcessor.java:238)
	at com.intellij.util.concurrency.QueueProcessor$2.consume(QueueProcessor.java:107)
	at com.intellij.util.concurrency.QueueProcessor$2.consume(QueueProcessor.java:104)
	at com.intellij.util.concurrency.QueueProcessor$3$1.run(QueueProcessor.java:215)
	at com.intellij.util.concurrency.QueueProcessor.runSafely(QueueProcessor.java:238)
	at com.intellij.util.concurrency.QueueProcessor$3.run(QueueProcessor.java:212)
	at com.intellij.openapi.application.impl.ApplicationImpl$8.run(ApplicationImpl.java:366)
	at java.util.concurrent.Executors$RunnableAdapter.call(Executors.java:511)
	at java.util.concurrent.FutureTask.run(FutureTask.java:266)
	at java.util.concurrent.ThreadPoolExecutor.runWorker(ThreadPoolExecutor.java:1142)
	at java.util.concurrent.ThreadPoolExecutor$Worker.run(ThreadPoolExecutor.java:617)
	at java.lang.Thread.run(Thread.java:745)
	at org.jetbrains.ide.PooledThreadExecutor$1$1.run(PooledThreadExecutor.java:55)
[ 634797]   WARN - ea.stats.LegacySdkStatsService - AndroidSdk.SendPing failed 
java.net.UnknownHostException: tools.google.com
	at sun.reflect.NativeConstructorAccessorImpl.newInstance0(Native Method)
	at sun.reflect.NativeConstructorAccessorImpl.newInstance(NativeConstructorAccessorImpl.java:62)
	at sun.reflect.DelegatingConstructorAccessorImpl.newInstance(DelegatingConstructorAccessorImpl.java:45)
	at java.lang.reflect.Constructor.newInstance(Constructor.java:423)
	at sun.net.www.protocol.http.HttpURLConnection$10.run(HttpURLConnection.java:1890)
	at sun.net.www.protocol.http.HttpURLConnection$10.run(HttpURLConnection.java:1885)
	at java.security.AccessController.doPrivileged(Native Method)
	at sun.net.www.protocol.http.HttpURLConnection.getChainedException(HttpURLConnection.java:1884)
	at sun.net.www.protocol.http.HttpURLConnection.getInputStream0(HttpURLConnection.java:1457)
	at sun.net.www.protocol.http.HttpURLConnection.getInputStream(HttpURLConnection.java:1441)
	at java.net.HttpURLConnection.getResponseCode(HttpURLConnection.java:480)
	at java.net.HttpURLConnection.getResponseMessage(HttpURLConnection.java:546)
	at com.android.tools.idea.stats.LegacySdkStatsService.actuallySendPing(LegacySdkStatsService.java:154)
	at com.android.tools.idea.stats.LegacySdkStatsService.doPing(LegacySdkStatsService.java:119)
	at com.android.tools.idea.stats.LegacySdkStatsService.ping(LegacySdkStatsService.java:76)
	at com.android.tools.idea.stats.AndroidStatisticsService.send(AndroidStatisticsService.java:108)
	at com.intellij.internal.statistic.updater.SendStatisticsComponent$2.run(SendStatisticsComponent.java:109)
	at com.intellij.util.concurrency.QueueProcessor.runSafely(QueueProcessor.java:238)
	at com.intellij.util.Alarm$Request$1.run(Alarm.java:352)
	at java.util.concurrent.Executors$RunnableAdapter.call(Executors.java:511)
	at java.util.concurrent.FutureTask.run(FutureTask.java:266)
	at com.intellij.util.concurrency.QueueProcessor$RunnableConsumer.consume(QueueProcessor.java:298)
	at com.intellij.util.concurrency.QueueProcessor$RunnableConsumer.consume(QueueProcessor.java:295)
	at com.intellij.util.concurrency.QueueProcessor$2$1.run(QueueProcessor.java:110)
	at com.intellij.util.concurrency.QueueProcessor.runSafely(QueueProcessor.java:238)
	at com.intellij.util.concurrency.QueueProcessor$2.consume(QueueProcessor.java:107)
	at com.intellij.util.concurrency.QueueProcessor$2.consume(QueueProcessor.java:104)
	at com.intellij.util.concurrency.QueueProcessor$3$1.run(QueueProcessor.java:215)
	at com.intellij.util.concurrency.QueueProcessor.runSafely(QueueProcessor.java:238)
	at com.intellij.util.concurrency.QueueProcessor$3.run(QueueProcessor.java:212)
	at com.intellij.openapi.application.impl.ApplicationImpl$8.run(ApplicationImpl.java:366)
	at java.util.concurrent.Executors$RunnableAdapter.call(Executors.java:511)
	at java.util.concurrent.FutureTask.run(FutureTask.java:266)
	at java.util.concurrent.ThreadPoolExecutor.runWorker(ThreadPoolExecutor.java:1142)
	at java.util.concurrent.ThreadPoolExecutor$Worker.run(ThreadPoolExecutor.java:617)
	at java.lang.Thread.run(Thread.java:745)
	at org.jetbrains.ide.PooledThreadExecutor$1$1.run(PooledThreadExecutor.java:55)
Caused by: java.net.UnknownHostException: tools.google.com
	at java.net.AbstractPlainSocketImpl.connect(AbstractPlainSocketImpl.java:184)
	at java.net.SocksSocketImpl.connect(SocksSocketImpl.java:392)
	at java.net.Socket.connect(Socket.java:589)
	at java.net.Socket.connect(Socket.java:538)
	at sun.net.NetworkClient.doConnect(NetworkClient.java:180)
	at sun.net.www.http.HttpClient.openServer(HttpClient.java:432)
	at sun.net.www.http.HttpClient.openServer(HttpClient.java:527)
	at sun.net.www.http.HttpClient.<init>(HttpClient.java:211)
	at sun.net.www.http.HttpClient.New(HttpClient.java:308)
	at sun.net.www.http.HttpClient.New(HttpClient.java:326)
	at sun.net.www.protocol.http.HttpURLConnection.getNewHttpClient(HttpURLConnection.java:1169)
	at sun.net.www.protocol.http.HttpURLConnection.plainConnect0(HttpURLConnection.java:1105)
	at sun.net.www.protocol.http.HttpURLConnection.plainConnect(HttpURLConnection.java:999)
	at sun.net.www.protocol.http.HttpURLConnection.connect(HttpURLConnection.java:933)
	at sun.net.www.protocol.http.HttpURLConnection.getInputStream0(HttpURLConnection.java:1513)
	at sun.net.www.protocol.http.HttpURLConnection.getInputStream(HttpURLConnection.java:1441)
	at java.net.HttpURLConnection.getResponseCode(HttpURLConnection.java:480)
	at com.android.tools.idea.stats.LegacySdkStatsService.actuallySendPing(LegacySdkStatsService.java:144)
	... 24 more
